2020-04-18 14:37:27 DEBUG AnnotationConfigApplicationContext:594 - Refreshing org.springframework.context.annotation.AnnotationConfigApplicationContext@5f2050f6
2020-04-18 14:37:27 DEBUG DefaultListableBeanFactory:213 - Creating shared instance of singleton bean 'org.springframework.context.annotation.internalConfigurationAnnotationProcessor'
2020-04-18 14:37:28 DEBUG ClassPathBeanDefinitionScanner:437 - Identified candidate component class: file [C:\Users\YASH\Desktop\lab-book-m2-master\spring_lab 1.4\spring_lab 1.4\target\classes\com\capg\dao\EmployeeDaoImpl.class]
2020-04-18 14:37:28 DEBUG ClassPathBeanDefinitionScanner:437 - Identified candidate component class: file [C:\Users\YASH\Desktop\lab-book-m2-master\spring_lab 1.4\spring_lab 1.4\target\classes\com\capg\service\EmployeeServiceImpl.class]
2020-04-18 14:37:28 DEBUG DefaultListableBeanFactory:213 - Creating shared instance of singleton bean 'org.springframework.context.event.internalEventListenerProcessor'
2020-04-18 14:37:28 DEBUG DefaultListableBeanFactory:213 - Creating shared instance of singleton bean 'org.springframework.context.event.internalEventListenerFactory'
2020-04-18 14:37:28 DEBUG DefaultListableBeanFactory:213 - Creating shared instance of singleton bean 'org.springframework.context.annotation.internalAutowiredAnnotationProcessor'
2020-04-18 14:37:28 DEBUG DefaultListableBeanFactory:213 - Creating shared instance of singleton bean 'org.springframework.context.annotation.internalCommonAnnotationProcessor'
2020-04-18 14:37:28 DEBUG DefaultListableBeanFactory:213 - Creating shared instance of singleton bean 'javaConfig'
2020-04-18 14:37:28 DEBUG DefaultListableBeanFactory:213 - Creating shared instance of singleton bean 'employeeDaoImpl'
2020-04-18 14:37:28 DEBUG DefaultListableBeanFactory:213 - Creating shared instance of singleton bean 'employeeServiceImpl'
2020-04-18 14:37:48 DEBUG AnnotationConfigApplicationContext:594 - Refreshing org.springframework.context.annotation.AnnotationConfigApplicationContext@5f2050f6
2020-04-18 14:37:48 DEBUG DefaultListableBeanFactory:213 - Creating shared instance of singleton bean 'org.springframework.context.annotation.internalConfigurationAnnotationProcessor'
2020-04-18 14:37:48 DEBUG ClassPathBeanDefinitionScanner:437 - Identified candidate component class: file [C:\Users\YASH\Desktop\lab-book-m2-master\spring_lab 1.4\spring_lab 1.4\target\classes\com\capg\dao\EmployeeDaoImpl.class]
2020-04-18 14:37:48 DEBUG ClassPathBeanDefinitionScanner:437 - Identified candidate component class: file [C:\Users\YASH\Desktop\lab-book-m2-master\spring_lab 1.4\spring_lab 1.4\target\classes\com\capg\service\EmployeeServiceImpl.class]
2020-04-18 14:37:48 DEBUG DefaultListableBeanFactory:213 - Creating shared instance of singleton bean 'org.springframework.context.event.internalEventListenerProcessor'
2020-04-18 14:37:48 DEBUG DefaultListableBeanFactory:213 - Creating shared instance of singleton bean 'org.springframework.context.event.internalEventListenerFactory'
2020-04-18 14:37:48 DEBUG DefaultListableBeanFactory:213 - Creating shared instance of singleton bean 'org.springframework.context.annotation.internalAutowiredAnnotationProcessor'
2020-04-18 14:37:48 DEBUG DefaultListableBeanFactory:213 - Creating shared instance of singleton bean 'org.springframework.context.annotation.internalCommonAnnotationProcessor'
2020-04-18 14:37:48 DEBUG DefaultListableBeanFactory:213 - Creating shared instance of singleton bean 'javaConfig'
2020-04-18 14:37:48 DEBUG DefaultListableBeanFactory:213 - Creating shared instance of singleton bean 'employeeDaoImpl'
2020-04-18 14:37:48 DEBUG DefaultListableBeanFactory:213 - Creating shared instance of singleton bean 'employeeServiceImpl'
2020-04-18 14:41:26 DEBUG AnnotationConfigApplicationContext:594 - Refreshing org.springframework.context.annotation.AnnotationConfigApplicationContext@5f2050f6
2020-04-18 14:41:26 DEBUG DefaultListableBeanFactory:213 - Creating shared instance of singleton bean 'org.springframework.context.annotation.internalConfigurationAnnotationProcessor'
2020-04-18 14:41:27 DEBUG ClassPathBeanDefinitionScanner:437 - Identified candidate component class: file [C:\Users\YASH\Desktop\lab-book-m2-master\spring_lab 1.4\spring_lab 1.4\target\classes\com\capg\dao\EmployeeDaoImpl.class]
2020-04-18 14:41:27 DEBUG ClassPathBeanDefinitionScanner:437 - Identified candidate component class: file [C:\Users\YASH\Desktop\lab-book-m2-master\spring_lab 1.4\spring_lab 1.4\target\classes\com\capg\service\EmployeeServiceImpl.class]
2020-04-18 14:41:27 DEBUG DefaultListableBeanFactory:213 - Creating shared instance of singleton bean 'org.springframework.context.event.internalEventListenerProcessor'
2020-04-18 14:41:27 DEBUG DefaultListableBeanFactory:213 - Creating shared instance of singleton bean 'org.springframework.context.event.internalEventListenerFactory'
2020-04-18 14:41:27 DEBUG DefaultListableBeanFactory:213 - Creating shared instance of singleton bean 'org.springframework.context.annotation.internalAutowiredAnnotationProcessor'
2020-04-18 14:41:27 DEBUG DefaultListableBeanFactory:213 - Creating shared instance of singleton bean 'org.springframework.context.annotation.internalCommonAnnotationProcessor'
2020-04-18 14:41:27 DEBUG DefaultListableBeanFactory:213 - Creating shared instance of singleton bean 'javaConfig'
2020-04-18 14:41:27 DEBUG DefaultListableBeanFactory:213 - Creating shared instance of singleton bean 'employeeDaoImpl'
2020-04-18 14:41:27 DEBUG DefaultListableBeanFactory:213 - Creating shared instance of singleton bean 'employeeServiceImpl'
2020-04-18 14:41:46 DEBUG AnnotationConfigApplicationContext:594 - Refreshing org.springframework.context.annotation.AnnotationConfigApplicationContext@5f2050f6
2020-04-18 14:41:46 DEBUG DefaultListableBeanFactory:213 - Creating shared instance of singleton bean 'org.springframework.context.annotation.internalConfigurationAnnotationProcessor'
2020-04-18 14:41:46 DEBUG ClassPathBeanDefinitionScanner:437 - Identified candidate component class: file [C:\Users\YASH\Desktop\lab-book-m2-master\spring_lab 1.4\spring_lab 1.4\target\classes\com\capg\dao\EmployeeDaoImpl.class]
2020-04-18 14:41:46 DEBUG ClassPathBeanDefinitionScanner:437 - Identified candidate component class: file [C:\Users\YASH\Desktop\lab-book-m2-master\spring_lab 1.4\spring_lab 1.4\target\classes\com\capg\service\EmployeeServiceImpl.class]
2020-04-18 14:41:46 DEBUG DefaultListableBeanFactory:213 - Creating shared instance of singleton bean 'org.springframework.context.event.internalEventListenerProcessor'
2020-04-18 14:41:46 DEBUG DefaultListableBeanFactory:213 - Creating shared instance of singleton bean 'org.springframework.context.event.internalEventListenerFactory'
2020-04-18 14:41:46 DEBUG DefaultListableBeanFactory:213 - Creating shared instance of singleton bean 'org.springframework.context.annotation.internalAutowiredAnnotationProcessor'
2020-04-18 14:41:46 DEBUG DefaultListableBeanFactory:213 - Creating shared instance of singleton bean 'org.springframework.context.annotation.internalCommonAnnotationProcessor'
2020-04-18 14:41:46 DEBUG DefaultListableBeanFactory:213 - Creating shared instance of singleton bean 'javaConfig'
2020-04-18 14:41:47 DEBUG DefaultListableBeanFactory:213 - Creating shared instance of singleton bean 'employeeDaoImpl'
2020-04-18 14:41:47 DEBUG DefaultListableBeanFactory:213 - Creating shared instance of singleton bean 'employeeServiceImpl'
2020-04-18 14:43:01 DEBUG AnnotationConfigApplicationContext:594 - Refreshing org.springframework.context.annotation.AnnotationConfigApplicationContext@5f2050f6
2020-04-18 14:43:01 DEBUG DefaultListableBeanFactory:213 - Creating shared instance of singleton bean 'org.springframework.context.annotation.internalConfigurationAnnotationProcessor'
2020-04-18 14:43:02 DEBUG ClassPathBeanDefinitionScanner:437 - Identified candidate component class: file [C:\Users\YASH\Desktop\lab-book-m2-master\spring_lab 1.4\spring_lab 1.4\target\classes\com\capg\dao\EmployeeDaoImpl.class]
2020-04-18 14:43:02 DEBUG ClassPathBeanDefinitionScanner:437 - Identified candidate component class: file [C:\Users\YASH\Desktop\lab-book-m2-master\spring_lab 1.4\spring_lab 1.4\target\classes\com\capg\service\EmployeeServiceImpl.class]
2020-04-18 14:43:02 DEBUG DefaultListableBeanFactory:213 - Creating shared instance of singleton bean 'org.springframework.context.event.internalEventListenerProcessor'
2020-04-18 14:43:02 DEBUG DefaultListableBeanFactory:213 - Creating shared instance of singleton bean 'org.springframework.context.event.internalEventListenerFactory'
2020-04-18 14:43:02 DEBUG DefaultListableBeanFactory:213 - Creating shared instance of singleton bean 'org.springframework.context.annotation.internalAutowiredAnnotationProcessor'
2020-04-18 14:43:02 DEBUG DefaultListableBeanFactory:213 - Creating shared instance of singleton bean 'org.springframework.context.annotation.internalCommonAnnotationProcessor'
2020-04-18 14:43:02 DEBUG DefaultListableBeanFactory:213 - Creating shared instance of singleton bean 'javaConfig'
2020-04-18 14:43:02 DEBUG DefaultListableBeanFactory:213 - Creating shared instance of singleton bean 'employeeDaoImpl'
2020-04-18 14:43:02 DEBUG DefaultListableBeanFactory:213 - Creating shared instance of singleton bean 'employeeServiceImpl'
2020-04-18 14:43:30 DEBUG AnnotationConfigApplicationContext:594 - Refreshing org.springframework.context.annotation.AnnotationConfigApplicationContext@5f2050f6
2020-04-18 14:43:30 DEBUG DefaultListableBeanFactory:213 - Creating shared instance of singleton bean 'org.springframework.context.annotation.internalConfigurationAnnotationProcessor'
2020-04-18 14:43:30 DEBUG ClassPathBeanDefinitionScanner:437 - Identified candidate component class: file [C:\Users\YASH\Desktop\lab-book-m2-master\spring_lab 1.4\spring_lab 1.4\target\classes\com\capg\dao\EmployeeDaoImpl.class]
2020-04-18 14:43:30 DEBUG ClassPathBeanDefinitionScanner:437 - Identified candidate component class: file [C:\Users\YASH\Desktop\lab-book-m2-master\spring_lab 1.4\spring_lab 1.4\target\classes\com\capg\service\EmployeeServiceImpl.class]
2020-04-18 14:43:30 DEBUG DefaultListableBeanFactory:213 - Creating shared instance of singleton bean 'org.springframework.context.event.internalEventListenerProcessor'
2020-04-18 14:43:30 DEBUG DefaultListableBeanFactory:213 - Creating shared instance of singleton bean 'org.springframework.context.event.internalEventListenerFactory'
2020-04-18 14:43:30 DEBUG DefaultListableBeanFactory:213 - Creating shared instance of singleton bean 'org.springframework.context.annotation.internalAutowiredAnnotationProcessor'
2020-04-18 14:43:30 DEBUG DefaultListableBeanFactory:213 - Creating shared instance of singleton bean 'org.springframework.context.annotation.internalCommonAnnotationProcessor'
2020-04-18 14:43:30 DEBUG DefaultListableBeanFactory:213 - Creating shared instance of singleton bean 'javaConfig'
2020-04-18 14:43:30 DEBUG DefaultListableBeanFactory:213 - Creating shared instance of singleton bean 'employeeDaoImpl'
2020-04-18 14:43:30 DEBUG DefaultListableBeanFactory:213 - Creating shared instance of singleton bean 'employeeServiceImpl'
2020-04-18 15:23:27 DEBUG AnnotationConfigApplicationContext:594 - Refreshing org.springframework.context.annotation.AnnotationConfigApplicationContext@6f1de4c7
2020-04-18 15:23:28 DEBUG DefaultListableBeanFactory:213 - Creating shared instance of singleton bean 'org.springframework.context.annotation.internalConfigurationAnnotationProcessor'
2020-04-18 15:23:30 DEBUG ClassPathBeanDefinitionScanner:437 - Identified candidate component class: file [C:\Users\YASH\Desktop\lab-book-m2-master\spring_lab 1.4\spring_lab 1.4\target\classes\com\capg\dao\EmployeeDaoImpl.class]
2020-04-18 15:23:30 DEBUG ClassPathBeanDefinitionScanner:437 - Identified candidate component class: file [C:\Users\YASH\Desktop\lab-book-m2-master\spring_lab 1.4\spring_lab 1.4\target\classes\com\capg\service\EmployeeServiceImpl.class]
2020-04-18 15:23:32 DEBUG DefaultListableBeanFactory:213 - Creating shared instance of singleton bean 'org.springframework.context.event.internalEventListenerProcessor'
2020-04-18 15:23:32 DEBUG DefaultListableBeanFactory:213 - Creating shared instance of singleton bean 'org.springframework.context.event.internalEventListenerFactory'
2020-04-18 15:23:32 DEBUG DefaultListableBeanFactory:213 - Creating shared instance of singleton bean 'org.springframework.context.annotation.internalAutowiredAnnotationProcessor'
2020-04-18 15:23:32 DEBUG DefaultListableBeanFactory:213 - Creating shared instance of singleton bean 'org.springframework.context.annotation.internalCommonAnnotationProcessor'
2020-04-18 15:23:32 DEBUG DefaultListableBeanFactory:213 - Creating shared instance of singleton bean 'javaConfig'
2020-04-18 15:23:32 DEBUG DefaultListableBeanFactory:213 - Creating shared instance of singleton bean 'employeeDaoImpl'
2020-04-18 15:23:32 DEBUG DefaultListableBeanFactory:213 - Creating shared instance of singleton bean 'employeeServiceImpl'
2020-04-18 15:58:02 DEBUG AnnotationConfigApplicationContext:594 - Refreshing org.springframework.context.annotation.AnnotationConfigApplicationContext@5f2050f6
2020-04-18 15:58:02 DEBUG DefaultListableBeanFactory:213 - Creating shared instance of singleton bean 'org.springframework.context.annotation.internalConfigurationAnnotationProcessor'
2020-04-18 15:58:03 DEBUG ClassPathBeanDefinitionScanner:437 - Identified candidate component class: file [C:\Users\YASH\Desktop\lab-book-m2-master\spring_lab 1.4\spring_lab 1.4\target\classes\com\capg\dao\EmployeeDaoImpl.class]
2020-04-18 15:58:03 DEBUG ClassPathBeanDefinitionScanner:437 - Identified candidate component class: file [C:\Users\YASH\Desktop\lab-book-m2-master\spring_lab 1.4\spring_lab 1.4\target\classes\com\capg\service\EmployeeServiceImpl.class]
2020-04-18 15:58:03 DEBUG DefaultListableBeanFactory:213 - Creating shared instance of singleton bean 'org.springframework.context.event.internalEventListenerProcessor'
2020-04-18 15:58:03 DEBUG DefaultListableBeanFactory:213 - Creating shared instance of singleton bean 'org.springframework.context.event.internalEventListenerFactory'
2020-04-18 15:58:03 DEBUG DefaultListableBeanFactory:213 - Creating shared instance of singleton bean 'org.springframework.context.annotation.internalAutowiredAnnotationProcessor'
2020-04-18 15:58:03 DEBUG DefaultListableBeanFactory:213 - Creating shared instance of singleton bean 'org.springframework.context.annotation.internalCommonAnnotationProcessor'
2020-04-18 15:58:03 DEBUG DefaultListableBeanFactory:213 - Creating shared instance of singleton bean 'javaConfig'
2020-04-18 15:58:04 DEBUG DefaultListableBeanFactory:213 - Creating shared instance of singleton bean 'employeeDaoImpl'
2020-04-18 15:58:04 DEBUG DefaultListableBeanFactory:213 - Creating shared instance of singleton bean 'employeeServiceImpl'
